<?xml version="1.0" encoding="UTF-8"?>
<testsuite name="sqta.tests.GroupCreationTests" tests="1" skipped="0" failures="0" errors="0" timestamp="2020-03-19T11:46:45" hostname="Marina-PC" time="1.535">
  <properties/>
  <testcase name="testGroupCreation" classname="sqta.tests.GroupCreationTests" time="1.535"/>
  <system-out><![CDATA[]]></system-out>
  <system-err><![CDATA[1584618399406	mozrunner::runner	INFO	Running command: "C:\\Program Files\\Mozilla Firefox\\firefox.exe" "-marionette" "-foreground" "-no-remote" "-profile" "C:\\Users\\MARINA~1\\AppData\\Local\\Temp\\rust_mozprofileHI4MIt"
1584618401362	addons.webextension.doh-rollout@mozilla.org	WARN	Loading extension 'doh-rollout@mozilla.org': Reading manifest: Invalid extension permission: networkStatus
1584618401698	addons.webextension.screenshots@mozilla.org	WARN	Loading extension 'screenshots@mozilla.org': Reading manifest: Invalid extension permission: mozillaAddons
1584618401698	addons.webextension.screenshots@mozilla.org	WARN	Loading extension 'screenshots@mozilla.org': Reading manifest: Invalid extension permission: telemetry
1584618401699	addons.webextension.screenshots@mozilla.org	WARN	Loading extension 'screenshots@mozilla.org': Reading manifest: Invalid extension permission: resource://pdf.js/
1584618401699	addons.webextension.screenshots@mozilla.org	WARN	Loading extension 'screenshots@mozilla.org': Reading manifest: Invalid extension permission: about:reader*
JavaScript error: resource://gre/modules/XULStore.jsm, line 66: Error: Can't find profile directory.
1584618404639	Marionette	INFO	Listening on port 51186
1584618404742	Marionette	WARN	TLS certificate errors will be ignored for this session
мар. 19, 2020 2:46:44 PM org.openqa.selenium.remote.ProtocolHandshake createSession
INFO: Detected dialect: W3C
]]></system-err>
</testsuite>
