<?xml version="1.0" encoding="UTF-8"?>
<testsuite name="sqta.GroupDeletionTests" tests="1" skipped="0" failures="0" errors="0" timestamp="2020-02-28T10:32:36" hostname="Marina-PC" time="0.926">
  <properties/>
  <testcase name="testGroupDeletionTests" classname="sqta.GroupDeletionTests" time="0.926"/>
  <system-out><![CDATA[]]></system-out>
  <system-err><![CDATA[1582885949203	mozrunner::runner	INFO	Running command: "C:\\Program Files\\Mozilla Firefox\\firefox.exe" "-marionette" "-foreground" "-no-remote" "-profile" "C:\\Users\\MARINA~1\\AppData\\Local\\Temp\\rust_mozprofilenX2xW2"
1582885949868	addons.webextension.doh-rollout@mozilla.org	WARN	Loading extension 'doh-rollout@mozilla.org': Reading manifest: Invalid extension permission: networkStatus
1582885950422	addons.webextension.screenshots@mozilla.org	WARN	Loading extension 'screenshots@mozilla.org': Reading manifest: Invalid extension permission: mozillaAddons
1582885950422	addons.webextension.screenshots@mozilla.org	WARN	Loading extension 'screenshots@mozilla.org': Reading manifest: Invalid extension permission: telemetry
1582885950423	addons.webextension.screenshots@mozilla.org	WARN	Loading extension 'screenshots@mozilla.org': Reading manifest: Invalid extension permission: resource://pdf.js/
1582885950423	addons.webextension.screenshots@mozilla.org	WARN	Loading extension 'screenshots@mozilla.org': Reading manifest: Invalid extension permission: about:reader*
JavaScript error: resource://gre/modules/XULStore.jsm, line 66: Error: Can't find profile directory.
1582885954405	Marionette	INFO	Listening on port 57310
1582885954439	Marionette	WARN	TLS certificate errors will be ignored for this session
февр. 28, 2020 1:32:34 PM org.openqa.selenium.remote.ProtocolHandshake createSession
INFO: Detected dialect: W3C
]]></system-err>
</testsuite>
