<?xml version="1.0" encoding="UTF-8"?>
<testsuite name="sqta.GroupDeletionTests" tests="1" skipped="0" failures="0" errors="0" timestamp="2020-02-26T11:29:31" hostname="Marina-PC" time="0.531">
  <properties/>
  <testcase name="testGroupDeletionTests" classname="sqta.GroupDeletionTests" time="0.531"/>
  <system-out><![CDATA[]]></system-out>
  <system-err><![CDATA[1582716566859	mozrunner::runner	INFO	Running command: "C:\\Program Files\\Mozilla Firefox\\firefox.exe" "-marionette" "-foreground" "-no-remote" "-profile" "C:\\Users\\MARINA~1\\AppData\\Local\\Temp\\rust_mozprofileZx5v9T"
1582716567412	addons.webextension.doh-rollout@mozilla.org	WARN	Loading extension 'doh-rollout@mozilla.org': Reading manifest: Invalid extension permission: networkStatus
1582716567738	addons.webextension.screenshots@mozilla.org	WARN	Loading extension 'screenshots@mozilla.org': Reading manifest: Invalid extension permission: mozillaAddons
1582716567739	addons.webextension.screenshots@mozilla.org	WARN	Loading extension 'screenshots@mozilla.org': Reading manifest: Invalid extension permission: telemetry
1582716567739	addons.webextension.screenshots@mozilla.org	WARN	Loading extension 'screenshots@mozilla.org': Reading manifest: Invalid extension permission: resource://pdf.js/
1582716567739	addons.webextension.screenshots@mozilla.org	WARN	Loading extension 'screenshots@mozilla.org': Reading manifest: Invalid extension permission: about:reader*
JavaScript error: resource://gre/modules/XULStore.jsm, line 66: Error: Can't find profile directory.
1582716570573	Marionette	INFO	Listening on port 55621
1582716570981	Marionette	WARN	TLS certificate errors will be ignored for this session
февр. 26, 2020 2:29:31 PM org.openqa.selenium.remote.ProtocolHandshake createSession
INFO: Detected dialect: W3C
]]></system-err>
</testsuite>
