<?xml version="1.0" encoding="UTF-8"?>
<testsuite name="sqta.GroupCreationTests" tests="1" skipped="0" failures="0" errors="0" timestamp="2020-02-26T11:29:24" hostname="Marina-PC" time="1.085">
  <properties/>
  <testcase name="testGroupCreation" classname="sqta.GroupCreationTests" time="1.085"/>
  <system-out><![CDATA[]]></system-out>
  <system-err><![CDATA[1582716559052	mozrunner::runner	INFO	Running command: "C:\\Program Files\\Mozilla Firefox\\firefox.exe" "-marionette" "-foreground" "-no-remote" "-profile" "C:\\Users\\MARINA~1\\AppData\\Local\\Temp\\rust_mozprofileLaSr6q"
1582716559643	addons.webextension.doh-rollout@mozilla.org	WARN	Loading extension 'doh-rollout@mozilla.org': Reading manifest: Invalid extension permission: networkStatus
1582716560003	addons.webextension.screenshots@mozilla.org	WARN	Loading extension 'screenshots@mozilla.org': Reading manifest: Invalid extension permission: mozillaAddons
1582716560003	addons.webextension.screenshots@mozilla.org	WARN	Loading extension 'screenshots@mozilla.org': Reading manifest: Invalid extension permission: telemetry
1582716560003	addons.webextension.screenshots@mozilla.org	WARN	Loading extension 'screenshots@mozilla.org': Reading manifest: Invalid extension permission: resource://pdf.js/
1582716560003	addons.webextension.screenshots@mozilla.org	WARN	Loading extension 'screenshots@mozilla.org': Reading manifest: Invalid extension permission: about:reader*
JavaScript error: resource://gre/modules/XULStore.jsm, line 66: Error: Can't find profile directory.
1582716562794	Marionette	INFO	Listening on port 55513
1582716563191	Marionette	WARN	TLS certificate errors will be ignored for this session
февр. 26, 2020 2:29:23 PM org.openqa.selenium.remote.ProtocolHandshake createSession
INFO: Detected dialect: W3C
]]></system-err>
</testsuite>
