<?xml version="1.0" encoding="UTF-8"?>
<testsuite name="first_tests.SquareTests" tests="1" skipped="0" failures="0" errors="0" timestamp="2020-02-25T10:00:29" hostname="Marina-PC" time="0.007">
  <properties/>
  <testcase name="testArea" classname="first_tests.SquareTests" time="0.007"/>
  <system-out><![CDATA[]]></system-out>
  <system-err><![CDATA[]]></system-err>
</testsuite>
